
tbLoader 6  

TmaxData Corporation Copyright (c) 2008-. All rights reserved.

Data File    : /home/dbdbdeep/work/TPC/TPC-H/csv/customer.csv
Bad File     : customer.bad
Discard File : /home/dbdbdeep/work/TPC/TPC-H/csv/customer.dsc

Table SYS.CUSTOMER, was loaded from the data file.

COLUMN_NAME                      POSITION DATATYPE
------------------------------ ---------- ----------------
C_CUSTKEY                               1 CHARACTER       
C_NAME                                  2 CHARACTER       
C_ADDRESS                               3 CHARACTER       
C_NATIONKEY                             4 CHARACTER       
C_PHONE                                 5 CHARACTER       
C_ACCTBAL                               6 CHARACTER       
C_MKTSEGMENT                            7 CHARACTER       
C_COMMENT                               8 CHARACTER       

Table SYS.CUSTOMER :
	150000 Rows were requested to load.
	150000 Rows were loaded successfully.
	0 Rows were failed to load because of some errors

Total Elapsed Time was    : 00:00:00.706482
