
tbLoader 6  

TmaxData Corporation Copyright (c) 2008-. All rights reserved.

Data File    : /home/dbdbdeep/work/TPC/TPC-H/csv/supplier.csv
Bad File     : supplier.bad
Discard File : /home/dbdbdeep/work/TPC/TPC-H/csv/supplier.dsc

Table SYS.SUPPLIER, was loaded from the data file.

COLUMN_NAME                      POSITION DATATYPE
------------------------------ ---------- ----------------
S_SUPPKEY                               1 CHARACTER       
S_NAME                                  2 CHARACTER       
S_ADDRESS                               3 CHARACTER       
S_NATIONKEY                             4 CHARACTER       
S_PHONE                                 5 CHARACTER       
S_ACCTBAL                               6 CHARACTER       
S_COMMENT                               7 CHARACTER       

Table SYS.SUPPLIER :
	10000 Rows were requested to load.
	10000 Rows were loaded successfully.
	0 Rows were failed to load because of some errors

Total Elapsed Time was    : 00:00:00.168386
